<?xml version="1.0" encoding="UTF-8"?>
<testng-results skipped="0" failed="0" total="1" passed="1">
  <reporter-output>
  </reporter-output>
  <suite name="Default suite" duration-ms="28641" started-at="2020-07-17T06:22:55Z" finished-at="2020-07-17T06:23:24Z">
    <groups>
    </groups>
    <test name="Default test" duration-ms="28641" started-at="2020-07-17T06:22:55Z" finished-at="2020-07-17T06:23:24Z">
      <class name="PageTitle.Title">
        <test-method status="PASS" signature="browsersetup()[pri:0, instance:PageTitle.Title@5f150435]" name="browsersetup" is-config="true" duration-ms="28567" started-at="2020-07-17T11:52:55Z" finished-at="2020-07-17T11:53:24Z">
          <reporter-output>
          </reporter-output>
        </test-method> <!-- browsersetup -->
        <test-method status="PASS" signature="VerifyTitle()[pri:0, instance:PageTitle.Title@5f150435]" name="VerifyTitle" duration-ms="42" started-at="2020-07-17T11:53:24Z" finished-at="2020-07-17T11:53:24Z">
          <reporter-output>
          </reporter-output>
        </test-method> <!-- VerifyTitle -->
      </class> <!-- PageTitle.Title -->
    </test> <!-- Default test -->
  </suite> <!-- Default suite -->
</testng-results>
